<?xml version="1.0" encoding="UTF-8"?>
<!-- Generated by org.testng.reporters.JUnitReportReporter -->
<testsuite hostname="LETHI-JUL21-CI" failures="0" tests="4" name="FirstAutomation.Tests.SubmitOrderTest" time="29.316" errors="0" timestamp="2022-11-01T08:13:19 GMT" skipped="0">
  <testcase classname="FirstAutomation.Tests.SubmitOrderTest" name="SubmitOrder" time="8.013"/>
  <system-out/>
  <testcase classname="FirstAutomation.Tests.SubmitOrderTest" name="OrderHistoryTest" time="4.510"/>
  <system-out/>
  <testcase classname="FirstAutomation.Tests.SubmitOrderTest" name="OrderHistoryTest" time="4.565"/>
  <system-out/>
  <testcase classname="FirstAutomation.Tests.SubmitOrderTest" name="SubmitOrder" time="12.228"/>
  <system-out/>
</testsuite> <!-- FirstAutomation.Tests.SubmitOrderTest -->
