<?xml version="1.0" encoding="UTF-8"?>
<!-- Generated by org.testng.reporters.JUnitReportReporter -->
<testsuite hostname="LETHI-JUL21-CI" failures="0" tests="2" name="Excel.dataProvider" time="0.014" errors="0" timestamp="2022-11-02T07:50:08 GMT" skipped="0">
  <testcase classname="Excel.dataProvider" name="testCaseData" time="0.002"/>
  <system-out/>
  <testcase classname="Excel.dataProvider" name="testCaseData" time="0.012"/>
  <system-out/>
</testsuite> <!-- Excel.dataProvider -->
