<?xml version="1.0" encoding="UTF-8"?>
<!-- Generated by org.testng.reporters.JUnitReportReporter -->
<testsuite hostname="LETHI-JUL21-CI" failures="0" tests="2" name="FirstAutomation.Tests.Selenium1Test" time="21.881" errors="0" timestamp="2022-10-21T16:54:48 BST" skipped="0">
  <testcase classname="FirstAutomation.Tests.Selenium1Test" name="SubmitOrder" time="11.591"/>
  <system-out/>
  <testcase classname="FirstAutomation.Tests.Selenium1Test" name="SubmitOrder" time="10.290"/>
  <system-out/>
</testsuite> <!-- FirstAutomation.Tests.Selenium1Test -->
