<?xml version="1.0" encoding="UTF-8"?>
<!-- Generated by org.testng.reporters.JUnitReportReporter -->
<testsuite hostname="LETHI-JUL21-CI" failures="0" tests="2" name="FirstAutomation.MavenJava.Selenium2Test$Selenium1" time="0.003" errors="0" timestamp="2022-08-29T17:21:46 BST" skipped="0">
  <testcase classname="FirstAutomation.MavenJava.Selenium2Test$Selenium1" name="UI" time="0.002"/>
  <system-out/>
  <testcase classname="FirstAutomation.MavenJava.Selenium2Test$Selenium1" name="catalogue" time="0.001"/>
  <system-out/>
</testsuite> <!-- FirstAutomation.MavenJava.Selenium2Test$Selenium1 -->
