<?xml version="1.0" encoding="UTF-8"?>
<!-- Generated by org.testng.reporters.JUnitReportReporter -->
<testsuite hostname="LETHI-JUL21-CI" failures="0" tests="2" name="cucumber.TestNGTestRunner" time="21.524" errors="0" timestamp="2022-10-27T09:17:20 BST" skipped="0">
  <testcase classname="cucumber.TestNGTestRunner" name="runScenario" time="12.710"/>
  <system-out/>
  <testcase classname="cucumber.TestNGTestRunner" name="runScenario" time="8.814"/>
  <system-out/>
</testsuite> <!-- cucumber.TestNGTestRunner -->
