<?xml version="1.0" encoding="UTF-8"?>
<!-- Generated by org.testng.reporters.JUnitReportReporter -->
<testsuite hostname="LETHI-JUL21-CI" failures="0" tests="2" name="FirstAutomation.MavenJava.Selenium1Test" time="18.912" errors="0" timestamp="2022-09-09T08:22:23 BST" skipped="0">
  <testcase classname="FirstAutomation.MavenJava.Selenium1Test" name="BrowserAutomation2" time="7.614"/>
  <system-out/>
  <testcase classname="FirstAutomation.MavenJava.Selenium1Test" name="BrowserAutomation" time="11.298"/>
  <system-out/>
</testsuite> <!-- FirstAutomation.MavenJava.Selenium1Test -->
