<?xml version="1.0" encoding="UTF-8"?>
<!-- Generated by org.testng.reporters.JUnitReportReporter -->
<testsuite hostname="LETHI-JUL21-CI" failures="0" tests="2" name="Excel.Attempt01" time="12.602" errors="0" timestamp="2022-11-02T07:56:00 GMT" skipped="0">
  <testcase classname="Excel.Attempt01" name="testCaseData" time="7.207"/>
  <system-out/>
  <testcase classname="Excel.Attempt01" name="testCaseData" time="5.395"/>
  <system-out/>
</testsuite> <!-- Excel.Attempt01 -->
