<?xml version="1.0" encoding="UTF-8"?>
<!-- Generated by org.testng.reporters.JUnitReportReporter -->
<testsuite hostname="LETHI-JUL21-CI" failures="0" tests="3" name="dataProvider" time="0.026" errors="0" timestamp="2022-10-28T08:37:59 BST" skipped="0">
  <testcase classname="dataProvider" name="testCaseData" time="0.006"/>
  <system-out/>
  <testcase classname="dataProvider" name="testCaseData" time="0.017"/>
  <system-out/>
  <testcase classname="dataProvider" name="testCaseData" time="0.003"/>
  <system-out/>
</testsuite> <!-- dataProvider -->
