<?xml version="1.0" encoding="UTF-8"?>
<!-- Generated by org.testng.reporters.JUnitReportReporter -->
<testsuite hostname="LETHI-JUL21-CI" failures="0" tests="4" name="FirstAutomation.Tests.Selenium1Test" time="39.564" errors="0" timestamp="2022-10-23T11:15:48 BST" skipped="0">
  <testcase classname="FirstAutomation.Tests.Selenium1Test" name="SubmitOrder" time="14.094"/>
  <system-out/>
  <testcase classname="FirstAutomation.Tests.Selenium1Test" name="SubmitOrder" time="10.605"/>
  <system-out/>
  <testcase classname="FirstAutomation.Tests.Selenium1Test" name="OrderHistoryTest" time="7.381"/>
  <system-out/>
  <testcase classname="FirstAutomation.Tests.Selenium1Test" name="OrderHistoryTest" time="7.484"/>
  <system-out/>
</testsuite> <!-- FirstAutomation.Tests.Selenium1Test -->
