<?xml version="1.0" encoding="UTF-8"?>
<!-- Generated by org.testng.reporters.JUnitReportReporter -->
<testsuite hostname="LETHI-JUL21-CI" failures="0" tests="2" name="cucumber.TestNGTestRunner" time="53.313" errors="0" timestamp="2022-10-27T09:32:54 BST" skipped="0">
  <testcase classname="cucumber.TestNGTestRunner" name="runScenario" time="25.095"/>
  <system-out/>
  <testcase classname="cucumber.TestNGTestRunner" name="runScenario" time="28.218"/>
  <system-out/>
</testsuite> <!-- cucumber.TestNGTestRunner -->
